0 info it worked if it ends with ok
1 verbose cli [ '/usr/local/node/bin/node',
1 verbose cli   '/usr/local/node/bin/npm',
1 verbose cli   'start',
1 verbose cli   'DEBUG=MOATroubleshootProblems' ]
2 info using npm@2.11.3
3 info using node@v0.12.7
4 verbose run-script [ 'prestart', 'start', 'poststart' ]
5 info prestart MOATroubleshootProblems@0.0.0
6 info start MOATroubleshootProblems@0.0.0
7 verbose unsafe-perm in lifecycle true
8 info MOATroubleshootProblems@0.0.0 Failed to exec start script
9 verbose stack Error: MOATroubleshootProblems@0.0.0 start: `node ./bin/www "DEBUG=MOATroubleshootProblems"`
9 verbose stack Exit status 1
9 verbose stack     at EventEmitter.<anonymous> (/usr/local/node/lib/node_modules/npm/lib/utils/lifecycle.js:213:16)
9 verbose stack     at EventEmitter.emit (events.js:110:17)
9 verbose stack     at ChildProcess.<anonymous> (/usr/local/node/lib/node_modules/npm/lib/utils/spawn.js:24:14)
9 verbose stack     at ChildProcess.emit (events.js:110:17)
9 verbose stack     at maybeClose (child_process.js:1015:16)
9 verbose stack     at Process.ChildProcess._handle.onexit (child_process.js:1087:5)
10 verbose pkgid MOATroubleshootProblems@0.0.0
11 verbose cwd /home/tunsuy/MOATroubleshootProblems
12 error Linux 2.6.32-358.18.1.el6.x86_64
13 error argv "/usr/local/node/bin/node" "/usr/local/node/bin/npm" "start" "DEBUG=MOATroubleshootProblems"
14 error node v0.12.7
15 error npm  v2.11.3
16 error code ELIFECYCLE
17 error MOATroubleshootProblems@0.0.0 start: `node ./bin/www "DEBUG=MOATroubleshootProblems"`
17 error Exit status 1
18 error Failed at the MOATroubleshootProblems@0.0.0 start script 'node ./bin/www "DEBUG=MOATroubleshootProblems"'.
18 error This is most likely a problem with the MOATroubleshootProblems package,
18 error not with npm itself.
18 error Tell the author that this fails on your system:
18 error     node ./bin/www "DEBUG=MOATroubleshootProblems"
18 error You can get their info via:
18 error     npm owner ls MOATroubleshootProblems
18 error There is likely additional logging output above.
19 verbose exit [ 1, true ]
