[2016-11-02 09:37:51.518] [ERROR] console - invalid document source 
@#[line:0,col:undefined]
[2016-11-02 09:38:03.695] [INFO] console - 登录的服务器为：undefined
[2016-11-02 09:38:03.712] [DEBUG] app.js - ::ffff:200.200.105.63 - - "GET /index HTTP/1.1" 302 58 "" "Mozilla/5.0 (Windows NT 10.0) AppleWebKit/537.36 (KHTML, like Gecko) Chrome/53.0.2785.143 Safari/537.36"
[2016-11-02 09:38:03.757] [DEBUG] app.js - ::ffff:200.200.105.63 - - "GET / HTTP/1.1" 304 - "" "Mozilla/5.0 (Windows NT 10.0) AppleWebKit/537.36 (KHTML, like Gecko) Chrome/53.0.2785.143 Safari/537.36"
[2016-11-02 09:38:04.940] [DEBUG] app.js - ::ffff:200.200.105.63 - - "GET / HTTP/1.1" 304 - "http://200.200.169.161:3000/" "Mozilla/5.0 (Windows NT 10.0) AppleWebKit/537.36 (KHTML, like Gecko) Chrome/53.0.2785.143 Safari/537.36"
[2016-11-02 09:38:10.084] [INFO] console - -----------------------
[2016-11-02 09:38:19.845] [INFO] uploadToolFile.js - 服务器连接成功...
[2016-11-02 09:38:19.846] [INFO] uploadToolFile.js - 开始验证是否登录成功
[2016-11-02 09:38:19.848] [INFO] uploadToolFile.js - 执行ls命令来验证
[2016-11-02 09:38:19.848] [INFO] console - 开始执行命令...
[2016-11-02 09:38:20.977] [INFO] console - 获取数据流...
[2016-11-02 09:38:21.189] [INFO] console - 获取的数据： <Buffer 63 68 65 63 6b 69 6e 67 2e 2e 2e 0a>
[2016-11-02 09:38:21.191] [INFO] uploadToolFile.js - ls: checking...

[2016-11-02 09:38:21.193] [INFO] uploadToolFile.js - 登录正确！！！！！！！！
[2016-11-02 09:38:21.194] [INFO] uploadToolFile.js - 开始执行uploadFile:------
[2016-11-02 09:38:21.194] [INFO] console - 开始执行命令...
[2016-11-02 09:38:21.212] [INFO] console - 获取数据流...
[2016-11-02 09:38:21.395] [INFO] console - 获取的数据： <Buffer 64 6f 6e 65 21 0a>
[2016-11-02 09:38:21.397] [INFO] uploadToolFile.js - 开始执行async最后的回调处理...
[2016-11-02 09:38:21.397] [INFO] uploadToolFile.js - 输出内容到view层...
[2016-11-02 09:38:21.398] [INFO] console - req.session.reqServerIP:  200.200.169.170
[2016-11-02 09:40:10.076] [INFO] console - -----------------------
[2016-11-02 09:40:18.511] [INFO] uploadToolFile.js - 服务器连接成功...
[2016-11-02 09:40:18.514] [INFO] uploadToolFile.js - 开始验证是否登录成功
[2016-11-02 09:40:18.514] [INFO] uploadToolFile.js - 执行ls命令来验证
[2016-11-02 09:40:18.515] [INFO] console - 开始执行命令...
[2016-11-02 09:40:19.512] [INFO] console - 获取数据流...
[2016-11-02 09:40:19.769] [INFO] console - 获取的数据： <Buffer 63 68 65 63 6b 69 6e 67 2e 2e 2e 0a>
[2016-11-02 09:40:19.770] [INFO] uploadToolFile.js - ls: checking...

[2016-11-02 09:40:19.770] [INFO] uploadToolFile.js - 登录正确！！！！！！！！
[2016-11-02 09:40:19.772] [INFO] uploadToolFile.js - 开始执行uploadFile:------
[2016-11-02 09:40:19.772] [INFO] console - 开始执行命令...
[2016-11-02 09:40:19.787] [INFO] console - 获取数据流...
[2016-11-02 09:40:20.009] [INFO] console - 获取的数据： <Buffer 64 6f 6e 65 21 0a>
[2016-11-02 09:40:20.013] [INFO] uploadToolFile.js - 开始执行async最后的回调处理...
[2016-11-02 09:40:20.013] [INFO] uploadToolFile.js - 输出内容到view层...
[2016-11-02 09:40:20.014] [INFO] console - req.session.reqServerIP:  200.200.169.170
[2016-11-02 09:46:23.084] [ERROR] console - invalid document source 
@#[line:0,col:undefined]
[2016-11-02 09:46:31.401] [INFO] console - 登录的服务器为：undefined
[2016-11-02 09:46:31.419] [DEBUG] app.js - ::ffff:200.200.105.63 - - "GET /index HTTP/1.1" 302 58 "" "Mozilla/5.0 (Windows NT 10.0) AppleWebKit/537.36 (KHTML, like Gecko) Chrome/53.0.2785.143 Safari/537.36"
[2016-11-02 09:46:31.457] [DEBUG] app.js - ::ffff:200.200.105.63 - - "GET / HTTP/1.1" 304 - "" "Mozilla/5.0 (Windows NT 10.0) AppleWebKit/537.36 (KHTML, like Gecko) Chrome/53.0.2785.143 Safari/537.36"
[2016-11-02 09:46:32.166] [DEBUG] app.js - ::ffff:200.200.105.63 - - "GET / HTTP/1.1" 304 - "http://200.200.169.161:3000/" "Mozilla/5.0 (Windows NT 10.0) AppleWebKit/537.36 (KHTML, like Gecko) Chrome/53.0.2785.143 Safari/537.36"
[2016-11-02 09:46:37.458] [INFO] console - -----------------------
[2016-11-02 09:46:41.373] [INFO] uploadToolFile.js - 服务器连接成功...
[2016-11-02 09:46:41.375] [INFO] uploadToolFile.js - 开始验证是否登录成功
[2016-11-02 09:46:41.377] [INFO] uploadToolFile.js - 执行ls命令来验证
[2016-11-02 09:46:41.377] [INFO] console - 开始执行命令...
[2016-11-02 09:46:42.233] [INFO] console - 获取数据流...
[2016-11-02 09:46:42.398] [INFO] console - 获取的数据： <Buffer 63 68 65 63 6b 69 6e 67 2e 2e 2e 0a>
[2016-11-02 09:46:42.401] [INFO] uploadToolFile.js - ls: checking...

[2016-11-02 09:46:42.406] [INFO] uploadToolFile.js - 登录正确！！！！！！！！
[2016-11-02 09:46:42.407] [INFO] uploadToolFile.js - 开始执行uploadFile:------
[2016-11-02 09:46:42.407] [INFO] console - 开始执行命令...
[2016-11-02 09:46:42.424] [INFO] console - 获取数据流...
[2016-11-02 09:46:42.619] [INFO] console - 获取的数据： <Buffer 64 6f 6e 65 21 0a>
[2016-11-02 09:46:42.621] [INFO] uploadToolFile.js - 开始执行async最后的回调处理...
[2016-11-02 09:46:42.622] [INFO] uploadToolFile.js - 输出内容到view层...
[2016-11-02 09:46:42.622] [INFO] console - req.session.reqServerIP:  200.200.169.170
[2016-11-02 09:46:42.623] [INFO] console - rdView:  index.ejs
[2016-11-02 09:48:37.448] [INFO] console - -----------------------
[2016-11-02 09:48:37.896] [INFO] uploadToolFile.js - 服务器连接成功...
[2016-11-02 09:48:37.897] [INFO] uploadToolFile.js - 开始验证是否登录成功
[2016-11-02 09:48:37.898] [INFO] uploadToolFile.js - 执行ls命令来验证
[2016-11-02 09:48:37.898] [INFO] console - 开始执行命令...
[2016-11-02 09:48:38.800] [INFO] console - 获取数据流...
[2016-11-02 09:48:39.041] [INFO] console - 获取的数据： <Buffer 63 68 65 63 6b 69 6e 67 2e 2e 2e 0a>
[2016-11-02 09:48:39.043] [INFO] uploadToolFile.js - ls: checking...

[2016-11-02 09:48:39.045] [INFO] uploadToolFile.js - 登录正确！！！！！！！！
[2016-11-02 09:48:39.045] [INFO] uploadToolFile.js - 开始执行uploadFile:------
[2016-11-02 09:48:39.045] [INFO] console - 开始执行命令...
[2016-11-02 09:48:39.060] [INFO] console - 获取数据流...
[2016-11-02 09:48:39.256] [INFO] console - 获取的数据： <Buffer 64 6f 6e 65 21 0a>
[2016-11-02 09:48:39.257] [INFO] uploadToolFile.js - 开始执行async最后的回调处理...
[2016-11-02 09:48:39.258] [INFO] uploadToolFile.js - 输出内容到view层...
[2016-11-02 09:48:39.258] [INFO] console - req.session.reqServerIP:  200.200.169.170
[2016-11-02 09:48:39.258] [INFO] console - rdView:  index.ejs
[2016-11-02 10:06:28.101] [ERROR] console - invalid document source 
@#[line:0,col:undefined]
[2016-11-02 10:06:36.332] [INFO] console - 登录的服务器为：undefined
[2016-11-02 10:06:36.350] [DEBUG] app.js - ::ffff:200.200.105.63 - - "GET /index HTTP/1.1" 302 58 "" "Mozilla/5.0 (Windows NT 10.0) AppleWebKit/537.36 (KHTML, like Gecko) Chrome/53.0.2785.143 Safari/537.36"
[2016-11-02 10:06:36.390] [DEBUG] app.js - ::ffff:200.200.105.63 - - "GET / HTTP/1.1" 304 - "" "Mozilla/5.0 (Windows NT 10.0) AppleWebKit/537.36 (KHTML, like Gecko) Chrome/53.0.2785.143 Safari/537.36"
[2016-11-02 10:06:37.067] [DEBUG] app.js - ::ffff:200.200.105.63 - - "GET / HTTP/1.1" 304 - "http://200.200.169.161:3000/" "Mozilla/5.0 (Windows NT 10.0) AppleWebKit/537.36 (KHTML, like Gecko) Chrome/53.0.2785.143 Safari/537.36"
[2016-11-02 10:06:44.786] [INFO] console - -----------------------
[2016-11-02 10:06:49.303] [INFO] uploadToolFile.js - 服务器连接成功...
[2016-11-02 10:06:49.304] [INFO] uploadToolFile.js - 开始验证是否登录成功
[2016-11-02 10:06:49.306] [INFO] uploadToolFile.js - 执行ls命令来验证
[2016-11-02 10:06:49.307] [INFO] console - 开始执行命令...
[2016-11-02 10:06:49.308] [INFO] console - 发送数据到view完毕
[2016-11-02 10:06:50.265] [INFO] console - 获取数据流...
[2016-11-02 10:06:50.464] [INFO] console - 获取的数据： <Buffer 63 68 65 63 6b 69 6e 67 2e 2e 2e 0a>
[2016-11-02 10:06:50.470] [INFO] uploadToolFile.js - ls: checking...

[2016-11-02 10:06:50.471] [INFO] uploadToolFile.js - 登录正确！！！！！！！！
[2016-11-02 10:06:50.471] [INFO] uploadToolFile.js - 开始执行uploadFile:------
[2016-11-02 10:06:50.471] [INFO] console - 开始执行命令...
[2016-11-02 10:06:50.491] [INFO] console - 获取数据流...
[2016-11-02 10:06:50.741] [INFO] console - 获取的数据： <Buffer 64 6f 6e 65 21 0a>
[2016-11-02 10:06:50.743] [INFO] uploadToolFile.js - 开始执行async最后的回调处理...
[2016-11-02 10:06:50.743] [INFO] uploadToolFile.js - 输出内容到view层...
[2016-11-02 10:06:50.743] [INFO] console - req.session.reqServerIP:  200.200.169.170
[2016-11-02 10:06:50.744] [INFO] console - rdView:  index.ejs
[2016-11-02 10:07:19.448] [DEBUG] app.js - ::ffff:200.200.105.63 - - "GET / HTTP/1.1" 304 - "" "Mozilla/5.0 (Windows NT 10.0) AppleWebKit/537.36 (KHTML, like Gecko) Chrome/53.0.2785.143 Safari/537.36"
[2016-11-02 10:07:20.206] [DEBUG] app.js - ::ffff:200.200.105.63 - - "GET / HTTP/1.1" 304 - "http://200.200.169.161:3000/" "Mozilla/5.0 (Windows NT 10.0) AppleWebKit/537.36 (KHTML, like Gecko) Chrome/53.0.2785.143 Safari/537.36"
[2016-11-02 10:07:25.613] [INFO] console - 登录的服务器为：阿里云
[2016-11-02 10:07:26.412] [INFO] uploadToolFile.js - aly 连接成功...
[2016-11-02 10:07:26.412] [INFO] uploadToolFile.js - 开始验证是否登录成功
[2016-11-02 10:07:26.413] [INFO] uploadToolFile.js - 执行ls命令来验证
[2016-11-02 10:07:26.413] [INFO] console - 开始执行命令...
[2016-11-02 10:07:26.416] [INFO] console - 发送数据到view完毕
[2016-11-02 10:07:26.558] [INFO] console - 获取数据流...
[2016-11-02 10:07:26.682] [INFO] console - 获取的数据： <Buffer 63 68 65 63 6b 69 6e 67 2e 2e 2e 0a>
[2016-11-02 10:07:26.685] [INFO] uploadToolFile.js - ls: checking...

[2016-11-02 10:07:26.688] [INFO] uploadToolFile.js - 登录正确！！！！！！！！
[2016-11-02 10:07:26.689] [INFO] uploadToolFile.js - 开始执行uploadFile:------
[2016-11-02 10:07:26.689] [INFO] console - 开始执行命令...
[2016-11-02 10:07:26.697] [INFO] console - 获取数据流...
[2016-11-02 10:07:26.749] [INFO] console - 获取的数据： <Buffer 64 6f 6e 65 21 0a>
[2016-11-02 10:07:26.750] [INFO] uploadToolFile.js - 开始执行async最后的回调处理...
[2016-11-02 10:07:26.750] [INFO] uploadToolFile.js - 输出内容到view层...
[2016-11-02 10:07:26.753] [INFO] console - req.session.reqServerIP:  阿里云
[2016-11-02 10:07:26.753] [INFO] console - rdView:  index.ejs
[2016-11-02 10:07:26.765] [DEBUG] app.js - ::ffff:200.200.105.63 - - "GET /index?id=aly HTTP/1.1" 500 2082 "http://200.200.169.161:3000/" "Mozilla/5.0 (Windows NT 10.0) AppleWebKit/537.36 (KHTML, like Gecko) Chrome/53.0.2785.143 Safari/537.36"
[2016-11-02 10:25:40.267] [ERROR] console - invalid document source 
@#[line:0,col:undefined]
[2016-11-02 10:25:50.102] [INFO] console - 登录的服务器为：阿里云
[2016-11-02 10:25:50.422] [INFO] uploadToolFile.js - aly 连接成功...
[2016-11-02 10:25:50.424] [INFO] uploadToolFile.js - 开始验证是否登录成功
[2016-11-02 10:25:50.425] [INFO] uploadToolFile.js - 执行ls命令来验证
[2016-11-02 10:25:50.425] [INFO] console - 开始执行命令...
[2016-11-02 10:25:50.570] [INFO] console - 获取数据流...
[2016-11-02 10:25:50.660] [INFO] console - 获取的数据： <Buffer 63 68 65 63 6b 69 6e 67 2e 2e 2e 0a>
[2016-11-02 10:25:50.663] [INFO] uploadToolFile.js - ls: checking...

[2016-11-02 10:25:50.663] [INFO] uploadToolFile.js - 登录正确！！！！！！！！
[2016-11-02 10:25:50.664] [INFO] uploadToolFile.js - 开始执行uploadFile:------
[2016-11-02 10:25:50.664] [INFO] console - 开始执行命令...
[2016-11-02 10:25:50.683] [INFO] console - 获取数据流...
[2016-11-02 10:25:50.772] [INFO] console - 获取的数据： <Buffer 64 6f 6e 65 21 0a>
[2016-11-02 10:25:50.773] [INFO] uploadToolFile.js - 开始执行async最后的回调处理...
[2016-11-02 10:25:50.773] [INFO] uploadToolFile.js - 输出内容到view层...
[2016-11-02 10:25:50.776] [INFO] console - req.session.reqServerIP:  阿里云
[2016-11-02 10:25:50.776] [INFO] console - rdView:  index.ejs
[2016-11-02 10:25:50.832] [DEBUG] app.js - ::ffff:200.200.105.63 - - "GET /index?id=aly HTTP/1.1" 500 2082 "" "Mozilla/5.0 (Windows NT 10.0) AppleWebKit/537.36 (KHTML, like Gecko) Chrome/53.0.2785.143 Safari/537.36"
[2016-11-02 10:28:44.341] [ERROR] console - invalid document source 
@#[line:0,col:undefined]
[2016-11-02 10:28:50.586] [DEBUG] app.js - ::ffff:200.200.105.63 - - "GET / HTTP/1.1" 304 - "" "Mozilla/5.0 (Windows NT 10.0) AppleWebKit/537.36 (KHTML, like Gecko) Chrome/53.0.2785.143 Safari/537.36"
[2016-11-02 10:28:51.318] [DEBUG] app.js - ::ffff:200.200.105.63 - - "GET / HTTP/1.1" 304 - "http://200.200.169.161:3000/" "Mozilla/5.0 (Windows NT 10.0) AppleWebKit/537.36 (KHTML, like Gecko) Chrome/53.0.2785.143 Safari/537.36"
[2016-11-02 10:28:57.898] [INFO] console - -----------------------
[2016-11-02 10:29:07.624] [INFO] uploadToolFile.js - 服务器连接成功...
[2016-11-02 10:29:07.625] [INFO] uploadToolFile.js - 开始验证是否登录成功
[2016-11-02 10:29:07.626] [INFO] uploadToolFile.js - 执行ls命令来验证
[2016-11-02 10:29:07.630] [INFO] console - 开始执行命令...
[2016-11-02 10:29:07.823] [INFO] console - 获取数据流...
[2016-11-02 10:29:07.877] [INFO] console - 获取的数据： <Buffer 63 68 65 63 6b 69 6e 67 2e 2e 2e 0a>
[2016-11-02 10:29:07.879] [INFO] uploadToolFile.js - ls: checking...

[2016-11-02 10:29:07.879] [INFO] uploadToolFile.js - 登录正确！！！！！！！！
[2016-11-02 10:29:07.880] [INFO] uploadToolFile.js - 开始执行uploadFile:------
[2016-11-02 10:29:07.880] [INFO] console - 开始执行命令...
[2016-11-02 10:29:07.896] [INFO] console - 获取数据流...
[2016-11-02 10:29:07.944] [INFO] console - 获取的数据： <Buffer 64 6f 6e 65 21 0a>
[2016-11-02 10:29:07.946] [INFO] uploadToolFile.js - 开始执行async最后的回调处理...
[2016-11-02 10:29:07.947] [INFO] uploadToolFile.js - 输出内容到view层...
[2016-11-02 10:29:07.947] [INFO] console - req.session.reqServerIP:  200.200.169.165
[2016-11-02 10:29:07.948] [INFO] console - rdView:  index.ejs
[2016-11-02 10:30:57.886] [INFO] console - -----------------------
[2016-11-02 10:31:04.223] [INFO] uploadToolFile.js - 服务器连接成功...
[2016-11-02 10:31:04.224] [INFO] uploadToolFile.js - 开始验证是否登录成功
[2016-11-02 10:31:04.225] [INFO] uploadToolFile.js - 执行ls命令来验证
[2016-11-02 10:31:04.227] [INFO] console - 开始执行命令...
[2016-11-02 10:31:04.386] [INFO] console - 获取数据流...
[2016-11-02 10:31:04.459] [INFO] console - 获取的数据： <Buffer 63 68 65 63 6b 69 6e 67 2e 2e 2e 0a>
[2016-11-02 10:31:04.460] [INFO] uploadToolFile.js - ls: checking...

[2016-11-02 10:31:04.460] [INFO] uploadToolFile.js - 登录正确！！！！！！！！
[2016-11-02 10:31:04.461] [INFO] uploadToolFile.js - 开始执行uploadFile:------
[2016-11-02 10:31:04.463] [INFO] console - 开始执行命令...
[2016-11-02 10:31:04.471] [INFO] console - 获取数据流...
[2016-11-02 10:31:04.511] [INFO] console - 获取的数据： <Buffer 64 6f 6e 65 21 0a>
[2016-11-02 10:31:04.514] [INFO] uploadToolFile.js - 开始执行async最后的回调处理...
[2016-11-02 10:31:04.517] [INFO] uploadToolFile.js - 输出内容到view层...
[2016-11-02 10:31:04.518] [INFO] console - req.session.reqServerIP:  200.200.169.165
[2016-11-02 10:31:04.518] [INFO] console - rdView:  index.ejs
[2016-11-02 10:32:36.345] [DEBUG] app.js - ::ffff:200.200.105.63 - - "GET / HTTP/1.1" 304 - "" "Mozilla/5.0 (Windows NT 10.0) AppleWebKit/537.36 (KHTML, like Gecko) Chrome/53.0.2785.143 Safari/537.36"
[2016-11-02 10:32:37.133] [DEBUG] app.js - ::ffff:200.200.105.63 - - "GET / HTTP/1.1" 304 - "http://200.200.169.161:3000/" "Mozilla/5.0 (Windows NT 10.0) AppleWebKit/537.36 (KHTML, like Gecko) Chrome/53.0.2785.143 Safari/537.36"
[2016-11-02 10:32:55.201] [INFO] console - -----------------------
[2016-11-02 10:32:57.596] [INFO] uploadToolFile.js - 服务器连接成功...
[2016-11-02 10:32:57.596] [INFO] uploadToolFile.js - 开始验证是否登录成功
[2016-11-02 10:32:57.597] [INFO] uploadToolFile.js - 执行ls命令来验证
[2016-11-02 10:32:57.597] [INFO] console - 开始执行命令...
[2016-11-02 10:32:58.957] [INFO] console - 获取数据流...
[2016-11-02 10:32:59.304] [INFO] console - 获取的数据： <Buffer 63 68 65 63 6b 69 6e 67 2e 2e 2e 0a>
[2016-11-02 10:32:59.310] [INFO] uploadToolFile.js - ls: checking...

[2016-11-02 10:32:59.310] [INFO] uploadToolFile.js - 登录正确！！！！！！！！
[2016-11-02 10:32:59.311] [INFO] uploadToolFile.js - 开始执行uploadFile:------
[2016-11-02 10:32:59.311] [INFO] console - 开始执行命令...
[2016-11-02 10:32:59.325] [INFO] console - 获取数据流...
[2016-11-02 10:32:59.607] [INFO] console - 获取的数据： <Buffer 64 6f 6e 65 21 0a>
[2016-11-02 10:32:59.608] [INFO] uploadToolFile.js - 开始执行async最后的回调处理...
[2016-11-02 10:32:59.609] [INFO] uploadToolFile.js - 输出内容到view层...
[2016-11-02 10:32:59.609] [INFO] console - req.session.reqServerIP:  200.200.169.202
[2016-11-02 10:32:59.609] [INFO] console - rdView:  index.ejs
[2016-11-02 10:34:55.226] [INFO] console - -----------------------
[2016-11-02 10:34:55.815] [INFO] uploadToolFile.js - 服务器连接成功...
[2016-11-02 10:34:55.816] [INFO] uploadToolFile.js - 开始验证是否登录成功
[2016-11-02 10:34:55.816] [INFO] uploadToolFile.js - 执行ls命令来验证
[2016-11-02 10:34:55.818] [INFO] console - 开始执行命令...
[2016-11-02 10:34:57.321] [INFO] console - 获取数据流...
[2016-11-02 10:34:57.667] [INFO] console - 获取的数据： <Buffer 63 68 65 63 6b 69 6e 67 2e 2e 2e 0a>
[2016-11-02 10:34:57.670] [INFO] uploadToolFile.js - ls: checking...

[2016-11-02 10:34:57.671] [INFO] uploadToolFile.js - 登录正确！！！！！！！！
[2016-11-02 10:34:57.671] [INFO] uploadToolFile.js - 开始执行uploadFile:------
[2016-11-02 10:34:57.671] [INFO] console - 开始执行命令...
[2016-11-02 10:34:57.684] [INFO] console - 获取数据流...
[2016-11-02 10:34:57.961] [INFO] console - 获取的数据： <Buffer 64 6f 6e 65 21 0a>
[2016-11-02 10:34:57.962] [INFO] uploadToolFile.js - 开始执行async最后的回调处理...
[2016-11-02 10:34:57.962] [INFO] uploadToolFile.js - 输出内容到view层...
[2016-11-02 10:34:57.963] [INFO] console - req.session.reqServerIP:  200.200.169.202
[2016-11-02 10:34:57.963] [INFO] console - rdView:  index.ejs
[2016-11-02 11:32:05.416] [ERROR] console - invalid document source 
@#[line:0,col:undefined]
[2016-11-02 11:32:11.308] [INFO] console - 登录的服务器为：undefined
[2016-11-02 11:32:11.326] [DEBUG] app.js - ::ffff:200.200.105.63 - - "GET /index HTTP/1.1" 302 58 "" "Mozilla/5.0 (Windows NT 10.0) AppleWebKit/537.36 (KHTML, like Gecko) Chrome/53.0.2785.143 Safari/537.36"
[2016-11-02 11:32:11.366] [DEBUG] app.js - ::ffff:200.200.105.63 - - "GET / HTTP/1.1" 304 - "" "Mozilla/5.0 (Windows NT 10.0) AppleWebKit/537.36 (KHTML, like Gecko) Chrome/53.0.2785.143 Safari/537.36"
[2016-11-02 11:32:12.220] [DEBUG] app.js - ::ffff:200.200.105.63 - - "GET / HTTP/1.1" 304 - "http://200.200.169.161:3000/" "Mozilla/5.0 (Windows NT 10.0) AppleWebKit/537.36 (KHTML, like Gecko) Chrome/53.0.2785.143 Safari/537.36"
[2016-11-02 11:32:14.329] [INFO] console - 登录的服务器为：阿里云
[2016-11-02 11:32:18.219] [INFO] uploadToolFile.js - aly 连接成功...
[2016-11-02 11:32:18.223] [INFO] uploadToolFile.js - 开始验证是否登录成功
[2016-11-02 11:32:18.224] [INFO] uploadToolFile.js - 执行ls命令来验证
[2016-11-02 11:32:18.225] [INFO] console - 开始执行命令...
[2016-11-02 11:32:18.382] [INFO] console - 获取数据流...
[2016-11-02 11:32:18.474] [INFO] console - 获取的数据： <Buffer 63 68 65 63 6b 69 6e 67 2e 2e 2e 0a>
[2016-11-02 11:32:18.476] [INFO] uploadToolFile.js - ls: checking...

[2016-11-02 11:32:18.478] [INFO] uploadToolFile.js - 登录正确！！！！！！！！
[2016-11-02 11:32:18.479] [INFO] uploadToolFile.js - 开始执行uploadFile:------
[2016-11-02 11:32:18.479] [INFO] console - 开始执行命令...
[2016-11-02 11:32:18.494] [INFO] console - 获取数据流...
[2016-11-02 11:32:18.548] [INFO] console - 获取的数据： <Buffer 64 6f 6e 65 21 0a>
[2016-11-02 11:32:18.550] [INFO] uploadToolFile.js - 开始执行async最后的回调处理...
[2016-11-02 11:32:18.551] [INFO] uploadToolFile.js - 输出内容到view层...
[2016-11-02 11:32:18.551] [INFO] console - req.session.reqServerIP:  阿里云
[2016-11-02 11:32:18.551] [INFO] console - rdView:  index.ejs
[2016-11-02 11:32:18.566] [DEBUG] app.js - ::ffff:200.200.105.63 - - "GET /index?id=aly HTTP/1.1" 500 1123 "http://200.200.169.161:3000/" "Mozilla/5.0 (Windows NT 10.0) AppleWebKit/537.36 (KHTML, like Gecko) Chrome/53.0.2785.143 Safari/537.36"
[2016-11-02 11:32:43.927] [DEBUG] app.js - ::ffff:200.200.105.63 - - "GET / HTTP/1.1" 304 - "" "Mozilla/5.0 (Windows NT 10.0) AppleWebKit/537.36 (KHTML, like Gecko) Chrome/53.0.2785.143 Safari/537.36"
[2016-11-02 11:32:44.687] [DEBUG] app.js - ::ffff:200.200.105.63 - - "GET / HTTP/1.1" 304 - "http://200.200.169.161:3000/" "Mozilla/5.0 (Windows NT 10.0) AppleWebKit/537.36 (KHTML, like Gecko) Chrome/53.0.2785.143 Safari/537.36"
[2016-11-02 11:32:51.234] [INFO] console - -----------------------
[2016-11-02 11:32:54.851] [INFO] uploadToolFile.js - 服务器连接成功...
[2016-11-02 11:32:54.851] [INFO] uploadToolFile.js - 开始验证是否登录成功
[2016-11-02 11:32:54.852] [INFO] uploadToolFile.js - 执行ls命令来验证
[2016-11-02 11:32:54.852] [INFO] console - 开始执行命令...
[2016-11-02 11:32:55.794] [INFO] console - 获取数据流...
[2016-11-02 11:32:56.065] [INFO] console - 获取的数据： <Buffer 63 68 65 63 6b 69 6e 67 2e 2e 2e 0a>
[2016-11-02 11:32:56.066] [INFO] uploadToolFile.js - ls: checking...

[2016-11-02 11:32:56.067] [INFO] uploadToolFile.js - 登录正确！！！！！！！！
[2016-11-02 11:32:56.070] [INFO] uploadToolFile.js - 开始执行uploadFile:------
[2016-11-02 11:32:56.070] [INFO] console - 开始执行命令...
[2016-11-02 11:32:56.084] [INFO] console - 获取数据流...
[2016-11-02 11:32:56.280] [INFO] console - 获取的数据： <Buffer 64 6f 6e 65 21 0a>
[2016-11-02 11:32:56.284] [INFO] uploadToolFile.js - 开始执行async最后的回调处理...
[2016-11-02 11:32:56.285] [INFO] uploadToolFile.js - 输出内容到view层...
[2016-11-02 11:32:56.285] [INFO] console - req.session.reqServerIP:  200.200.169.170
[2016-11-02 11:32:56.285] [INFO] console - rdView:  index.ejs
[2016-11-02 11:34:51.226] [INFO] console - -----------------------
[2016-11-02 11:34:54.437] [INFO] uploadToolFile.js - 服务器连接成功...
[2016-11-02 11:34:54.438] [INFO] uploadToolFile.js - 开始验证是否登录成功
[2016-11-02 11:34:54.438] [INFO] uploadToolFile.js - 执行ls命令来验证
[2016-11-02 11:34:54.438] [INFO] console - 开始执行命令...
[2016-11-02 11:34:55.360] [INFO] console - 获取数据流...
[2016-11-02 11:34:55.556] [INFO] console - 获取的数据： <Buffer 63 68 65 63 6b 69 6e 67 2e 2e 2e 0a>
[2016-11-02 11:34:55.558] [INFO] uploadToolFile.js - ls: checking...

[2016-11-02 11:34:55.558] [INFO] uploadToolFile.js - 登录正确！！！！！！！！
[2016-11-02 11:34:55.558] [INFO] uploadToolFile.js - 开始执行uploadFile:------
[2016-11-02 11:34:55.558] [INFO] console - 开始执行命令...
[2016-11-02 11:34:55.574] [INFO] console - 获取数据流...
[2016-11-02 11:34:55.753] [INFO] console - 获取的数据： <Buffer 64 6f 6e 65 21 0a>
[2016-11-02 11:34:55.754] [INFO] uploadToolFile.js - 开始执行async最后的回调处理...
[2016-11-02 11:34:55.754] [INFO] uploadToolFile.js - 输出内容到view层...
[2016-11-02 11:34:55.754] [INFO] console - req.session.reqServerIP:  200.200.169.170
[2016-11-02 11:34:55.755] [INFO] console - rdView:  index.ejs
[2016-11-02 11:42:18.487] [ERROR] console - invalid document source 
@#[line:0,col:undefined]
[2016-11-02 11:49:43.638] [INFO] console - 登录的服务器为：undefined
[2016-11-02 11:49:43.657] [DEBUG] app.js - ::ffff:200.200.105.63 - - "GET /index HTTP/1.1" 302 58 "" "Mozilla/5.0 (Windows NT 10.0) AppleWebKit/537.36 (KHTML, like Gecko) Chrome/53.0.2785.143 Safari/537.36"
[2016-11-02 11:49:43.700] [DEBUG] app.js - ::ffff:200.200.105.63 - - "GET / HTTP/1.1" 304 - "" "Mozilla/5.0 (Windows NT 10.0) AppleWebKit/537.36 (KHTML, like Gecko) Chrome/53.0.2785.143 Safari/537.36"
[2016-11-02 11:49:44.354] [DEBUG] app.js - ::ffff:200.200.105.63 - - "GET / HTTP/1.1" 304 - "http://200.200.169.161:3000/" "Mozilla/5.0 (Windows NT 10.0) AppleWebKit/537.36 (KHTML, like Gecko) Chrome/53.0.2785.143 Safari/537.36"
[2016-11-02 11:49:56.536] [INFO] console - -----------------------
[2016-11-02 11:50:01.894] [INFO] uploadToolFile.js - 服务器连接成功...
[2016-11-02 11:50:01.895] [INFO] uploadToolFile.js - 开始验证是否登录成功
[2016-11-02 11:50:01.897] [INFO] uploadToolFile.js - 执行ls命令来验证
[2016-11-02 11:50:01.897] [INFO] console - 开始执行命令...
[2016-11-02 11:50:02.778] [INFO] console - 获取数据流...
[2016-11-02 11:50:02.997] [INFO] console - 获取的数据： <Buffer 63 68 65 63 6b 69 6e 67 2e 2e 2e 0a>
[2016-11-02 11:50:03.000] [INFO] uploadToolFile.js - ls: checking...

[2016-11-02 11:50:03.004] [INFO] uploadToolFile.js - 登录正确！！！！！！！！
[2016-11-02 11:50:03.004] [INFO] uploadToolFile.js - 开始执行uploadFile:------
[2016-11-02 11:50:03.004] [INFO] console - 开始执行命令...
[2016-11-02 11:50:03.020] [INFO] console - 获取数据流...
[2016-11-02 11:50:03.206] [INFO] console - 获取的数据： <Buffer 64 6f 6e 65 21 0a>
[2016-11-02 11:50:03.208] [INFO] uploadToolFile.js - 开始执行async最后的回调处理...
[2016-11-02 11:50:03.208] [INFO] uploadToolFile.js - 输出内容到view层...
[2016-11-02 11:50:03.209] [INFO] console - req.session.reqServerIP:  200.200.169.170
[2016-11-02 11:50:03.209] [INFO] console - rdView:  index.ejs
[2016-11-02 11:51:56.528] [INFO] console - -----------------------
[2016-11-02 11:52:00.697] [INFO] uploadToolFile.js - 服务器连接成功...
[2016-11-02 11:52:00.698] [INFO] uploadToolFile.js - 开始验证是否登录成功
[2016-11-02 11:52:00.698] [INFO] uploadToolFile.js - 执行ls命令来验证
[2016-11-02 11:52:00.699] [INFO] console - 开始执行命令...
[2016-11-02 11:52:01.592] [INFO] console - 获取数据流...
[2016-11-02 11:52:01.807] [INFO] console - 获取的数据： <Buffer 63 68 65 63 6b 69 6e 67 2e 2e 2e 0a>
[2016-11-02 11:52:01.809] [INFO] uploadToolFile.js - ls: checking...

[2016-11-02 11:52:01.811] [INFO] uploadToolFile.js - 登录正确！！！！！！！！
[2016-11-02 11:52:01.811] [INFO] uploadToolFile.js - 开始执行uploadFile:------
[2016-11-02 11:52:01.811] [INFO] console - 开始执行命令...
[2016-11-02 11:52:01.826] [INFO] console - 获取数据流...
[2016-11-02 11:52:01.988] [INFO] console - 获取的数据： <Buffer 64 6f 6e 65 21 0a>
[2016-11-02 11:52:01.989] [INFO] uploadToolFile.js - 开始执行async最后的回调处理...
[2016-11-02 11:52:01.989] [INFO] uploadToolFile.js - 输出内容到view层...
[2016-11-02 11:52:01.990] [INFO] console - req.session.reqServerIP:  200.200.169.170
[2016-11-02 11:52:01.990] [INFO] console - rdView:  index.ejs
[2016-11-02 11:54:38.607] [ERROR] console - invalid document source 
@#[line:0,col:undefined]
[2016-11-02 11:54:44.145] [DEBUG] app.js - ::ffff:200.200.105.63 - - "GET / HTTP/1.1" 304 - "" "Mozilla/5.0 (Windows NT 10.0) AppleWebKit/537.36 (KHTML, like Gecko) Chrome/53.0.2785.143 Safari/537.36"
[2016-11-02 11:54:44.929] [DEBUG] app.js - ::ffff:200.200.105.63 - - "GET / HTTP/1.1" 304 - "http://200.200.169.161:3000/" "Mozilla/5.0 (Windows NT 10.0) AppleWebKit/537.36 (KHTML, like Gecko) Chrome/53.0.2785.143 Safari/537.36"
[2016-11-02 11:55:28.341] [INFO] console - -----------------------
[2016-11-02 11:55:28.771] [INFO] uploadToolFile.js - 服务器连接成功...
[2016-11-02 11:55:28.773] [INFO] uploadToolFile.js - 开始验证是否登录成功
[2016-11-02 11:55:28.774] [INFO] uploadToolFile.js - 执行ls命令来验证
[2016-11-02 11:55:28.777] [INFO] console - 开始执行命令...
[2016-11-02 11:55:29.616] [INFO] console - 获取数据流...
[2016-11-02 11:55:29.877] [INFO] console - 获取的数据： <Buffer 63 68 65 63 6b 69 6e 67 2e 2e 2e 0a>
[2016-11-02 11:55:29.879] [INFO] uploadToolFile.js - ls: checking...

[2016-11-02 11:55:29.879] [INFO] uploadToolFile.js - 登录正确！！！！！！！！
[2016-11-02 11:55:29.880] [INFO] uploadToolFile.js - 开始执行uploadFile:------
[2016-11-02 11:55:29.880] [INFO] console - 开始执行命令...
[2016-11-02 11:55:29.898] [INFO] console - 获取数据流...
[2016-11-02 11:55:30.087] [INFO] console - 获取的数据： <Buffer 64 6f 6e 65 21 0a>
[2016-11-02 11:55:30.089] [INFO] uploadToolFile.js - 开始执行async最后的回调处理...
[2016-11-02 11:55:30.090] [INFO] uploadToolFile.js - 输出内容到view层...
[2016-11-02 11:55:30.091] [INFO] console - req.session.reqServerIP:  200.200.169.170
[2016-11-02 11:55:30.091] [INFO] console - rdView:  index.ejs
[2016-11-02 11:57:28.366] [INFO] console - -----------------------
[2016-11-02 11:57:28.847] [INFO] uploadToolFile.js - 服务器连接成功...
[2016-11-02 11:57:28.848] [INFO] uploadToolFile.js - 开始验证是否登录成功
[2016-11-02 11:57:28.849] [INFO] uploadToolFile.js - 执行ls命令来验证
[2016-11-02 11:57:28.850] [INFO] console - 开始执行命令...
[2016-11-02 11:57:29.726] [INFO] console - 获取数据流...
[2016-11-02 11:57:29.958] [INFO] console - 获取的数据： <Buffer 63 68 65 63 6b 69 6e 67 2e 2e 2e 0a>
[2016-11-02 11:57:29.959] [INFO] uploadToolFile.js - ls: checking...

[2016-11-02 11:57:29.959] [INFO] uploadToolFile.js - 登录正确！！！！！！！！
[2016-11-02 11:57:29.960] [INFO] uploadToolFile.js - 开始执行uploadFile:------
[2016-11-02 11:57:29.962] [INFO] console - 开始执行命令...
[2016-11-02 11:57:29.975] [INFO] console - 获取数据流...
[2016-11-02 11:57:30.148] [INFO] console - 获取的数据： <Buffer 64 6f 6e 65 21 0a>
[2016-11-02 11:57:30.152] [INFO] uploadToolFile.js - 开始执行async最后的回调处理...
[2016-11-02 11:57:30.155] [INFO] uploadToolFile.js - 输出内容到view层...
[2016-11-02 11:57:30.155] [INFO] console - req.session.reqServerIP:  200.200.169.170
[2016-11-02 11:57:30.156] [INFO] console - rdView:  index.ejs
[2016-11-02 14:51:19.581] [ERROR] console - invalid document source 
@#[line:0,col:undefined]
[2016-11-02 14:52:16.102] [DEBUG] app.js - undefined - - "GET / HTTP/1.1" 304 - "" "Mozilla/5.0 (Windows NT 10.0) AppleWebKit/537.36 (KHTML, like Gecko) Chrome/53.0.2785.143 Safari/537.36"
[2016-11-02 14:52:16.130] [DEBUG] app.js - ::ffff:200.200.105.63 - - "GET / HTTP/1.1" 200 12299 "" "Mozilla/5.0 (Windows NT 10.0) AppleWebKit/537.36 (KHTML, like Gecko) Chrome/53.0.2785.143 Safari/537.36"
[2016-11-02 14:52:16.874] [DEBUG] app.js - ::ffff:200.200.105.63 - - "GET / HTTP/1.1" 304 - "http://200.200.169.161:3000/" "Mozilla/5.0 (Windows NT 10.0) AppleWebKit/537.36 (KHTML, like Gecko) Chrome/53.0.2785.143 Safari/537.36"
[2016-11-02 14:52:19.100] [INFO] console - 登录的服务器为：阿里云
[2016-11-02 14:52:20.621] [INFO] uploadToolFile.js - aly 连接成功...
[2016-11-02 14:52:20.622] [INFO] uploadToolFile.js - 开始验证是否登录成功
[2016-11-02 14:52:20.623] [INFO] uploadToolFile.js - 执行ls命令来验证
[2016-11-02 14:52:20.626] [INFO] console - 开始执行命令...
[2016-11-02 14:52:20.767] [INFO] console - 获取数据流...
[2016-11-02 14:52:20.863] [INFO] console - 获取的数据： <Buffer 63 68 65 63 6b 69 6e 67 2e 2e 2e 0a>
[2016-11-02 14:52:20.865] [INFO] uploadToolFile.js - ls: checking...

[2016-11-02 14:52:20.866] [INFO] uploadToolFile.js - 登录正确！！！！！！！！
[2016-11-02 14:52:20.866] [INFO] uploadToolFile.js - 开始执行uploadFile:------
[2016-11-02 14:52:20.870] [INFO] console - 开始执行命令...
[2016-11-02 14:52:20.887] [INFO] console - 获取数据流...
[2016-11-02 14:52:20.943] [INFO] console - 获取的数据： <Buffer 64 6f 6e 65 21 0a>
[2016-11-02 14:52:20.944] [INFO] uploadToolFile.js - 开始执行async最后的回调处理...
[2016-11-02 14:52:20.944] [INFO] uploadToolFile.js - 输出内容到view层...
[2016-11-02 14:52:20.946] [INFO] console - req.session.reqServerIP:  阿里云
[2016-11-02 14:52:20.948] [INFO] console - rdView:  index.ejs
[2016-11-02 14:54:09.629] [DEBUG] app.js - ::ffff:200.200.105.63 - - "GET /index?id=aly HTTP/1.1" 200 13676 "http://200.200.169.161:3000/" "Mozilla/5.0 (Windows NT 10.0) AppleWebKit/537.36 (KHTML, like Gecko) Chrome/53.0.2785.143 Safari/537.36"
[2016-11-02 14:54:10.846] [INFO] console - 登录的服务器为：阿里云
[2016-11-02 14:54:11.141] [INFO] uploadToolFile.js - aly 连接成功...
[2016-11-02 14:54:11.142] [INFO] uploadToolFile.js - 开始验证是否登录成功
[2016-11-02 14:54:11.142] [INFO] uploadToolFile.js - 执行ls命令来验证
[2016-11-02 14:54:11.145] [INFO] console - 开始执行命令...
[2016-11-02 14:54:11.278] [INFO] console - 获取数据流...
[2016-11-02 14:54:11.323] [INFO] console - 获取的数据： <Buffer 63 68 65 63 6b 69 6e 67 2e 2e 2e 0a>
[2016-11-02 14:54:11.325] [INFO] uploadToolFile.js - ls: checking...

[2016-11-02 14:54:11.325] [INFO] uploadToolFile.js - 登录正确！！！！！！！！
[2016-11-02 14:54:11.325] [INFO] uploadToolFile.js - 开始执行uploadFile:------
[2016-11-02 14:54:11.327] [INFO] console - 开始执行命令...
[2016-11-02 14:54:11.337] [INFO] console - 获取数据流...
[2016-11-02 14:54:12.373] [INFO] console - 获取的数据： <Buffer 64 6f 6e 65 21 0a>
[2016-11-02 14:54:12.374] [INFO] uploadToolFile.js - 开始执行async最后的回调处理...
[2016-11-02 14:54:12.374] [INFO] uploadToolFile.js - 输出内容到view层...
[2016-11-02 14:54:12.375] [INFO] console - req.session.reqServerIP:  阿里云
[2016-11-02 14:54:12.380] [INFO] console - rdView:  index.ejs
[2016-11-02 14:54:17.005] [DEBUG] app.js - ::ffff:200.200.105.63 - - "GET /index?id=aly HTTP/1.1" 304 - "http://200.200.169.161:3000/index?id=aly" "Mozilla/5.0 (Windows NT 10.0) AppleWebKit/537.36 (KHTML, like Gecko) Chrome/53.0.2785.143 Safari/537.36"
[2016-11-02 14:54:28.920] [DEBUG] app.js - ::ffff:200.200.105.63 - - "GET / HTTP/1.1" 304 - "http://200.200.169.161:3000/index?id=aly" "Mozilla/5.0 (Windows NT 10.0) AppleWebKit/537.36 (KHTML, like Gecko) Chrome/53.0.2785.143 Safari/537.36"
[2016-11-02 14:54:29.471] [DEBUG] app.js - ::ffff:200.200.105.63 - - "GET / HTTP/1.1" 304 - "http://200.200.169.161:3000/" "Mozilla/5.0 (Windows NT 10.0) AppleWebKit/537.36 (KHTML, like Gecko) Chrome/53.0.2785.143 Safari/537.36"
[2016-11-02 14:54:38.663] [INFO] console - -----------------------
[2016-11-02 14:54:43.124] [INFO] uploadToolFile.js - 服务器连接成功...
[2016-11-02 14:54:43.125] [INFO] uploadToolFile.js - 开始验证是否登录成功
[2016-11-02 14:54:43.126] [INFO] uploadToolFile.js - 执行ls命令来验证
[2016-11-02 14:54:43.128] [INFO] console - 开始执行命令...
[2016-11-02 14:54:43.990] [INFO] console - 获取数据流...
[2016-11-02 14:54:44.411] [INFO] console - 获取的数据： <Buffer 63 68 65 63 6b 69 6e 67 2e 2e 2e 0a>
[2016-11-02 14:54:44.412] [INFO] uploadToolFile.js - ls: checking...

[2016-11-02 14:54:44.413] [INFO] uploadToolFile.js - 登录正确！！！！！！！！
[2016-11-02 14:54:44.413] [INFO] uploadToolFile.js - 开始执行uploadFile:------
[2016-11-02 14:54:44.415] [INFO] console - 开始执行命令...
[2016-11-02 14:54:45.497] [INFO] console - 获取数据流...
[2016-11-02 14:54:45.672] [INFO] console - 获取的数据： <Buffer 64 6f 6e 65 21 0a>
[2016-11-02 14:54:45.673] [INFO] uploadToolFile.js - 开始执行async最后的回调处理...
[2016-11-02 14:54:45.674] [INFO] uploadToolFile.js - 输出内容到view层...
[2016-11-02 14:54:45.675] [INFO] console - req.session.reqServerIP:  200.200.169.170
[2016-11-02 14:54:45.677] [INFO] console - rdView:  index.ejs
[2016-11-02 15:21:29.367] [INFO] console - -----------------------
[2016-11-02 15:21:36.725] [INFO] uploadToolFile.js - 服务器连接成功...
[2016-11-02 15:21:36.726] [INFO] uploadToolFile.js - 开始验证是否登录成功
[2016-11-02 15:21:36.726] [INFO] uploadToolFile.js - 执行ls命令来验证
[2016-11-02 15:21:36.728] [INFO] console - 开始执行命令...
[2016-11-02 15:21:37.641] [INFO] console - 获取数据流...
[2016-11-02 15:21:37.915] [INFO] console - 获取的数据： <Buffer 63 68 65 63 6b 69 6e 67 2e 2e 2e 0a>
[2016-11-02 15:21:37.916] [INFO] uploadToolFile.js - ls: checking...

[2016-11-02 15:21:37.917] [INFO] uploadToolFile.js - 登录正确！！！！！！！！
[2016-11-02 15:21:37.917] [INFO] uploadToolFile.js - 开始执行uploadFile:------
[2016-11-02 15:21:37.918] [INFO] console - 开始执行命令...
[2016-11-02 15:21:38.894] [INFO] console - 获取数据流...
[2016-11-02 15:21:39.054] [INFO] console - 获取的数据： <Buffer 64 6f 6e 65 21 0a>
[2016-11-02 15:21:39.055] [INFO] uploadToolFile.js - 开始执行async最后的回调处理...
[2016-11-02 15:21:39.055] [INFO] uploadToolFile.js - 输出内容到view层...
[2016-11-02 15:21:39.057] [INFO] console - req.session.reqServerIP:  200.200.169.170
[2016-11-02 15:21:39.059] [INFO] console - rdView:  index.ejs
[2016-11-02 15:27:46.516] [DEBUG] app.js - ::ffff:200.200.105.63 - - "GET / HTTP/1.1" 304 - "" "Mozilla/5.0 (Windows NT 10.0) AppleWebKit/537.36 (KHTML, like Gecko) Chrome/53.0.2785.143 Safari/537.36"
[2016-11-02 15:27:47.299] [DEBUG] app.js - ::ffff:200.200.105.63 - - "GET / HTTP/1.1" 304 - "http://200.200.169.161:3000/" "Mozilla/5.0 (Windows NT 10.0) AppleWebKit/537.36 (KHTML, like Gecko) Chrome/53.0.2785.143 Safari/537.36"
[2016-11-02 15:27:48.111] [INFO] console - 登录的服务器为：阿里云
[2016-11-02 15:28:09.708] [INFO] console - { [Error: Timed out while waiting for handshake] level: 'client-timeout' }
Error: Timed out while waiting for handshake
    at null._onTimeout (/home/tunsuy/MOAProblemLocation/node_modules/ssh2/lib/client.js:564:19)
    at Timer.listOnTimeout (timers.js:119:15)
[2016-11-02 15:28:09.719] [INFO] console - 登录失败exce！！！！！！！！
[2016-11-02 15:28:09.727] [INFO] console - { [Error: Timed out while waiting for handshake] level: 'client-timeout' }
Error: Timed out while waiting for handshake
    at null._onTimeout (/home/tunsuy/MOAProblemLocation/node_modules/ssh2/lib/client.js:564:19)
    at Timer.listOnTimeout (timers.js:119:15)
[2016-11-02 15:28:09.730] [INFO] console - 登录失败exce！！！！！！！！
[2016-11-02 15:28:30.602] [INFO] uploadToolFile.js - aly 连接成功...
[2016-11-02 15:28:30.603] [INFO] uploadToolFile.js - 开始验证是否登录成功
[2016-11-02 15:28:30.604] [INFO] uploadToolFile.js - 执行ls命令来验证
[2016-11-02 15:28:30.605] [INFO] console - 开始执行命令...
[2016-11-02 15:28:41.722] [INFO] console - 获取数据流...
[2016-11-02 15:28:50.850] [INFO] console - 获取的数据： <Buffer 63 68 65 63 6b 69 6e 67 2e 2e 2e 0a>
[2016-11-02 15:28:50.851] [INFO] uploadToolFile.js - ls: checking...

[2016-11-02 15:28:50.851] [INFO] uploadToolFile.js - 登录正确！！！！！！！！
[2016-11-02 15:28:50.851] [INFO] uploadToolFile.js - 开始执行uploadFile:------
[2016-11-02 15:28:50.852] [INFO] console - 开始执行命令...
[2016-11-02 15:29:22.037] [INFO] console - 获取数据流...
[2016-11-02 15:29:22.043] [INFO] console - 获取的数据： <Buffer 64 6f 6e 65 21 0a>
[2016-11-02 15:29:22.044] [INFO] uploadToolFile.js - 开始执行async最后的回调处理...
[2016-11-02 15:29:22.044] [INFO] uploadToolFile.js - 输出内容到view层...
[2016-11-02 15:29:22.046] [INFO] console - req.session.reqServerIP:  阿里云
[2016-11-02 15:29:22.047] [INFO] console - rdView:  index.ejs
[2016-11-02 15:29:26.364] [DEBUG] app.js - ::ffff:200.200.105.63 - - "GET /index?id=aly HTTP/1.1" 304 - "http://200.200.169.161:3000/" "Mozilla/5.0 (Windows NT 10.0) AppleWebKit/537.36 (KHTML, like Gecko) Chrome/53.0.2785.143 Safari/537.36"
[2016-11-02 15:29:27.359] [INFO] console - 登录的服务器为：阿里云
[2016-11-02 15:29:27.636] [INFO] uploadToolFile.js - aly 连接成功...
[2016-11-02 15:29:27.637] [INFO] uploadToolFile.js - 开始验证是否登录成功
[2016-11-02 15:29:27.637] [INFO] uploadToolFile.js - 执行ls命令来验证
[2016-11-02 15:29:27.639] [INFO] console - 开始执行命令...
[2016-11-02 15:29:27.778] [INFO] console - 获取数据流...
[2016-11-02 15:29:27.825] [INFO] console - 获取的数据： <Buffer 63 68 65 63 6b 69 6e 67 2e 2e 2e 0a>
[2016-11-02 15:29:27.827] [INFO] uploadToolFile.js - ls: checking...

[2016-11-02 15:29:27.827] [INFO] uploadToolFile.js - 登录正确！！！！！！！！
[2016-11-02 15:29:27.827] [INFO] uploadToolFile.js - 开始执行uploadFile:------
[2016-11-02 15:29:27.829] [INFO] console - 开始执行命令...
[2016-11-02 15:29:27.837] [INFO] console - 获取数据流...
[2016-11-02 15:29:27.896] [INFO] console - 获取的数据： <Buffer 64 6f 6e 65 21 0a>
[2016-11-02 15:29:27.897] [INFO] uploadToolFile.js - 开始执行async最后的回调处理...
[2016-11-02 15:29:27.898] [INFO] uploadToolFile.js - 输出内容到view层...
[2016-11-02 15:29:27.899] [INFO] console - req.session.reqServerIP:  阿里云
[2016-11-02 15:29:27.901] [INFO] console - rdView:  index.ejs
[2016-11-02 15:29:30.228] [DEBUG] app.js - ::ffff:200.200.105.63 - - "GET /index?id=aly HTTP/1.1" 304 - "http://200.200.169.161:3000/index?id=aly" "Mozilla/5.0 (Windows NT 10.0) AppleWebKit/537.36 (KHTML, like Gecko) Chrome/53.0.2785.143 Safari/537.36"
[2016-11-02 15:29:51.405] [DEBUG] app.js - ::ffff:200.200.105.63 - - "GET / HTTP/1.1" 304 - "" "Mozilla/5.0 (Windows NT 10.0) AppleWebKit/537.36 (KHTML, like Gecko) Chrome/53.0.2785.143 Safari/537.36"
[2016-11-02 15:29:51.884] [DEBUG] app.js - ::ffff:200.200.105.63 - - "GET / HTTP/1.1" 304 - "http://200.200.169.161:3000/" "Mozilla/5.0 (Windows NT 10.0) AppleWebKit/537.36 (KHTML, like Gecko) Chrome/53.0.2785.143 Safari/537.36"
[2016-11-02 15:31:31.650] [INFO] console - 登录的服务器为：阿里云
[2016-11-02 15:31:57.924] [INFO] console - { [Error: Timed out while waiting for handshake] level: 'client-timeout' }
Error: Timed out while waiting for handshake
    at null._onTimeout (/home/tunsuy/MOAProblemLocation/node_modules/ssh2/lib/client.js:564:19)
    at Timer.listOnTimeout (timers.js:119:15)
[2016-11-02 15:31:57.928] [INFO] console - 登录失败exce！！！！！！！！
[2016-11-02 15:31:57.933] [INFO] console - { [Error: Timed out while waiting for handshake] level: 'client-timeout' }
Error: Timed out while waiting for handshake
    at null._onTimeout (/home/tunsuy/MOAProblemLocation/node_modules/ssh2/lib/client.js:564:19)
    at Timer.listOnTimeout (timers.js:119:15)
[2016-11-02 15:31:57.936] [INFO] console - 登录失败exce！！！！！！！！
[2016-11-02 15:32:27.136] [INFO] uploadToolFile.js - aly 连接成功...
[2016-11-02 15:32:27.137] [INFO] uploadToolFile.js - 开始验证是否登录成功
[2016-11-02 15:32:27.138] [INFO] uploadToolFile.js - 执行ls命令来验证
[2016-11-02 15:32:27.139] [INFO] console - 开始执行命令...
[2016-11-02 15:32:43.214] [INFO] console - 获取数据流...
[2016-11-02 15:36:32.777] [INFO] console - 获取的数据： <Buffer 63 68 65 63 6b 69 6e 67 2e 2e 2e 0a>
[2016-11-02 15:36:32.779] [INFO] uploadToolFile.js - ls: checking...

[2016-11-02 15:36:32.780] [INFO] uploadToolFile.js - 登录正确！！！！！！！！
[2016-11-02 15:36:32.780] [INFO] uploadToolFile.js - 开始执行uploadFile:------
[2016-11-02 15:36:32.782] [INFO] console - 开始执行命令...
[2016-11-02 15:36:32.796] [INFO] console - 登录的服务器为：阿里云
[2016-11-02 15:36:32.802] [INFO] console - 获取数据流...
[2016-11-02 15:36:34.056] [INFO] console - 获取的数据： <Buffer 64 6f 6e 65 21 0a>
[2016-11-02 15:36:34.057] [INFO] uploadToolFile.js - 开始执行async最后的回调处理...
[2016-11-02 15:36:34.058] [INFO] uploadToolFile.js - 输出内容到view层...
[2016-11-02 15:36:34.059] [INFO] console - req.session.reqServerIP:  阿里云
[2016-11-02 15:36:34.060] [INFO] console - rdView:  index.ejs
[2016-11-02 15:36:42.069] [INFO] uploadToolFile.js - aly 连接成功...
[2016-11-02 15:36:42.070] [INFO] uploadToolFile.js - 开始验证是否登录成功
[2016-11-02 15:36:42.071] [INFO] uploadToolFile.js - 执行ls命令来验证
[2016-11-02 15:36:42.072] [INFO] console - 开始执行命令...
[2016-11-02 15:36:42.241] [INFO] console - 获取数据流...
[2016-11-02 15:36:42.290] [INFO] console - 获取的数据： <Buffer 63 68 65 63 6b 69 6e 67 2e 2e 2e 0a>
[2016-11-02 15:36:42.291] [INFO] uploadToolFile.js - ls: checking...

[2016-11-02 15:36:42.291] [INFO] uploadToolFile.js - 登录正确！！！！！！！！
[2016-11-02 15:36:42.291] [INFO] uploadToolFile.js - 开始执行uploadFile:------
[2016-11-02 15:36:42.293] [INFO] console - 开始执行命令...
[2016-11-02 15:36:42.302] [INFO] console - 获取数据流...
[2016-11-02 15:36:42.365] [INFO] console - 获取的数据： <Buffer 64 6f 6e 65 21 0a>
[2016-11-02 15:36:42.366] [INFO] uploadToolFile.js - 开始执行async最后的回调处理...
[2016-11-02 15:36:42.366] [INFO] uploadToolFile.js - 输出内容到view层...
[2016-11-02 15:36:42.368] [INFO] console - req.session.reqServerIP:  阿里云
[2016-11-02 15:36:42.369] [INFO] console - rdView:  index.ejs
[2016-11-02 15:36:43.497] [DEBUG] app.js - ::ffff:200.200.105.63 - - "GET /index?id=aly HTTP/1.1" 304 - "http://200.200.169.161:3000/" "Mozilla/5.0 (Windows NT 10.0) AppleWebKit/537.36 (KHTML, like Gecko) Chrome/53.0.2785.143 Safari/537.36"
[2016-11-02 15:36:44.254] [INFO] console - 登录的服务器为：阿里云
[2016-11-02 15:36:44.533] [INFO] uploadToolFile.js - aly 连接成功...
[2016-11-02 15:36:44.534] [INFO] uploadToolFile.js - 开始验证是否登录成功
[2016-11-02 15:36:44.535] [INFO] uploadToolFile.js - 执行ls命令来验证
[2016-11-02 15:36:44.536] [INFO] console - 开始执行命令...
[2016-11-02 15:36:44.669] [INFO] console - 获取数据流...
[2016-11-02 15:36:44.713] [INFO] console - 获取的数据： <Buffer 63 68 65 63 6b 69 6e 67 2e 2e 2e 0a>
[2016-11-02 15:36:44.715] [INFO] uploadToolFile.js - ls: checking...

[2016-11-02 15:36:44.715] [INFO] uploadToolFile.js - 登录正确！！！！！！！！
[2016-11-02 15:36:44.715] [INFO] uploadToolFile.js - 开始执行uploadFile:------
[2016-11-02 15:36:44.717] [INFO] console - 开始执行命令...
[2016-11-02 15:36:44.725] [INFO] console - 获取数据流...
[2016-11-02 15:36:44.794] [INFO] console - 获取的数据： <Buffer 64 6f 6e 65 21 0a>
[2016-11-02 15:36:44.795] [INFO] uploadToolFile.js - 开始执行async最后的回调处理...
[2016-11-02 15:36:44.795] [INFO] uploadToolFile.js - 输出内容到view层...
[2016-11-02 15:36:44.797] [INFO] console - req.session.reqServerIP:  阿里云
[2016-11-02 15:36:44.798] [INFO] console - rdView:  index.ejs
[2016-11-02 15:36:47.887] [DEBUG] app.js - ::ffff:200.200.105.63 - - "GET /index?id=aly HTTP/1.1" 304 - "http://200.200.169.161:3000/index?id=aly" "Mozilla/5.0 (Windows NT 10.0) AppleWebKit/537.36 (KHTML, like Gecko) Chrome/53.0.2785.143 Safari/537.36"
[2016-11-02 15:50:20.546] [DEBUG] app.js - ::ffff:200.200.105.63 - - "GET / HTTP/1.1" 304 - "http://200.200.169.161:3000/index?id=aly" "Mozilla/5.0 (Windows NT 10.0) AppleWebKit/537.36 (KHTML, like Gecko) Chrome/53.0.2785.143 Safari/537.36"
[2016-11-02 15:50:21.345] [DEBUG] app.js - ::ffff:200.200.105.63 - - "GET / HTTP/1.1" 304 - "http://200.200.169.161:3000/" "Mozilla/5.0 (Windows NT 10.0) AppleWebKit/537.36 (KHTML, like Gecko) Chrome/53.0.2785.143 Safari/537.36"
[2016-11-02 15:50:36.975] [INFO] console - -----------------------
[2016-11-02 15:50:39.396] [INFO] uploadToolFile.js - 服务器连接成功...
[2016-11-02 15:50:39.397] [INFO] uploadToolFile.js - 开始验证是否登录成功
[2016-11-02 15:50:39.397] [INFO] uploadToolFile.js - 执行ls命令来验证
[2016-11-02 15:50:39.399] [INFO] console - 开始执行命令...
[2016-11-02 15:50:40.354] [INFO] console - 获取数据流...
[2016-11-02 15:50:40.570] [INFO] console - 获取的数据： <Buffer 63 68 65 63 6b 69 6e 67 2e 2e 2e 0a>
[2016-11-02 15:50:40.571] [INFO] uploadToolFile.js - ls: checking...

[2016-11-02 15:50:40.572] [INFO] uploadToolFile.js - 登录正确！！！！！！！！
[2016-11-02 15:50:40.572] [INFO] uploadToolFile.js - 开始执行uploadFile:------
[2016-11-02 15:50:40.573] [INFO] console - 开始执行命令...
[2016-11-02 15:50:41.288] [INFO] console - 获取数据流...
[2016-11-02 15:50:41.433] [INFO] console - 获取的数据： <Buffer 64 6f 6e 65 21 0a>
[2016-11-02 15:50:41.435] [INFO] uploadToolFile.js - 开始执行async最后的回调处理...
[2016-11-02 15:50:41.435] [INFO] uploadToolFile.js - 输出内容到view层...
[2016-11-02 15:50:41.437] [INFO] console - req.session.reqServerIP:  200.200.169.170
[2016-11-02 15:50:41.439] [INFO] console - rdView:  index.ejs
[2016-11-02 15:52:36.997] [INFO] console - -----------------------
[2016-11-02 15:52:37.424] [INFO] uploadToolFile.js - 服务器连接成功...
[2016-11-02 15:52:37.425] [INFO] uploadToolFile.js - 开始验证是否登录成功
[2016-11-02 15:52:37.425] [INFO] uploadToolFile.js - 执行ls命令来验证
[2016-11-02 15:52:37.427] [INFO] console - 开始执行命令...
[2016-11-02 15:52:38.350] [INFO] console - 获取数据流...
[2016-11-02 15:52:38.556] [INFO] console - 获取的数据： <Buffer 63 68 65 63 6b 69 6e 67 2e 2e 2e 0a>
[2016-11-02 15:52:38.557] [INFO] uploadToolFile.js - ls: checking...

[2016-11-02 15:52:38.558] [INFO] uploadToolFile.js - 登录正确！！！！！！！！
[2016-11-02 15:52:38.558] [INFO] uploadToolFile.js - 开始执行uploadFile:------
[2016-11-02 15:52:38.560] [INFO] console - 开始执行命令...
[2016-11-02 15:52:39.645] [INFO] console - 获取数据流...
[2016-11-02 15:52:39.820] [INFO] console - 获取的数据： <Buffer 64 6f 6e 65 21 0a>
[2016-11-02 15:52:39.821] [INFO] uploadToolFile.js - 开始执行async最后的回调处理...
[2016-11-02 15:52:39.822] [INFO] uploadToolFile.js - 输出内容到view层...
[2016-11-02 15:52:39.824] [INFO] console - req.session.reqServerIP:  200.200.169.170
[2016-11-02 15:52:39.825] [INFO] console - rdView:  index.ejs
[2016-11-02 16:40:31.817] [ERROR] console - invalid document source 
@#[line:0,col:undefined]
[2016-11-02 16:41:12.844] [INFO] legwork.js - 登录的服务器为：undefined
[2016-11-02 16:41:12.863] [DEBUG] app.js - ::ffff:200.200.105.63 - - "GET /index HTTP/1.1" 302 58 "" "Mozilla/5.0 (Windows NT 10.0) AppleWebKit/537.36 (KHTML, like Gecko) Chrome/53.0.2785.143 Safari/537.36"
[2016-11-02 16:41:12.910] [DEBUG] app.js - ::ffff:200.200.105.63 - - "GET / HTTP/1.1" 304 - "" "Mozilla/5.0 (Windows NT 10.0) AppleWebKit/537.36 (KHTML, like Gecko) Chrome/53.0.2785.143 Safari/537.36"
[2016-11-02 16:41:13.620] [DEBUG] app.js - ::ffff:200.200.105.63 - - "GET / HTTP/1.1" 304 - "http://200.200.169.161:3000/" "Mozilla/5.0 (Windows NT 10.0) AppleWebKit/537.36 (KHTML, like Gecko) Chrome/53.0.2785.143 Safari/537.36"
[2016-11-02 16:41:14.822] [INFO] legwork.js - 登录的服务器为：阿里云
[2016-11-02 16:41:15.885] [INFO] legwork.js - aly 连接成功...
[2016-11-02 16:41:15.890] [INFO] legwork.js - 开始验证是否登录成功
[2016-11-02 16:41:15.891] [INFO] legwork.js - 执行任意一个命令来验证
[2016-11-02 16:41:15.892] [INFO] console - 开始执行命令...
[2016-11-02 16:41:16.021] [INFO] console - 获取数据流...
[2016-11-02 16:41:16.127] [INFO] console - 获取的数据： <Buffer 63 68 65 63 6b 69 6e 67 2e 2e 2e 0a>
[2016-11-02 16:41:16.129] [INFO] legwork.js - 登录正确！！！！！！！！
[2016-11-02 16:41:16.130] [INFO] legwork.js - 开始执行uploadFile:------
[2016-11-02 16:41:16.131] [INFO] console - 开始执行命令...
[2016-11-02 16:41:16.147] [INFO] console - 获取数据流...
[2016-11-02 16:41:16.210] [INFO] console - 获取的数据： <Buffer 64 6f 6e 65 21 0a>
[2016-11-02 16:41:16.212] [INFO] legwork.js - 开始执行async最后的回调处理...
[2016-11-02 16:41:16.213] [INFO] legwork.js - 输出内容到view层...
[2016-11-02 16:41:16.225] [DEBUG] app.js - ::ffff:200.200.105.63 - - "GET /index?id=aly HTTP/1.1" 304 - "http://200.200.169.161:3000/" "Mozilla/5.0 (Windows NT 10.0) AppleWebKit/537.36 (KHTML, like Gecko) Chrome/53.0.2785.143 Safari/537.36"
[2016-11-02 16:41:16.702] [INFO] legwork.js - 登录的服务器为：阿里云
[2016-11-02 16:41:16.974] [INFO] legwork.js - aly 连接成功...
[2016-11-02 16:41:16.975] [INFO] legwork.js - 开始验证是否登录成功
[2016-11-02 16:41:16.976] [INFO] legwork.js - 执行任意一个命令来验证
[2016-11-02 16:41:16.976] [INFO] console - 开始执行命令...
[2016-11-02 16:41:17.081] [INFO] console - 获取数据流...
[2016-11-02 16:41:17.124] [INFO] console - 获取的数据： <Buffer 63 68 65 63 6b 69 6e 67 2e 2e 2e 0a>
[2016-11-02 16:41:17.125] [INFO] legwork.js - 登录正确！！！！！！！！
[2016-11-02 16:41:17.126] [INFO] legwork.js - 开始执行uploadFile:------
[2016-11-02 16:41:17.126] [INFO] console - 开始执行命令...
[2016-11-02 16:41:17.134] [INFO] console - 获取数据流...
[2016-11-02 16:41:17.187] [INFO] console - 获取的数据： <Buffer 64 6f 6e 65 21 0a>
[2016-11-02 16:41:17.188] [INFO] legwork.js - 开始执行async最后的回调处理...
[2016-11-02 16:41:17.189] [INFO] legwork.js - 输出内容到view层...
[2016-11-02 16:41:17.200] [DEBUG] app.js - ::ffff:200.200.105.63 - - "GET /index?id=aly HTTP/1.1" 304 - "http://200.200.169.161:3000/index?id=aly" "Mozilla/5.0 (Windows NT 10.0) AppleWebKit/537.36 (KHTML, like Gecko) Chrome/53.0.2785.143 Safari/537.36"
[2016-11-02 16:41:22.768] [INFO] legwork.js - 登录的服务器为：阿里云
[2016-11-02 16:41:22.776] [DEBUG] app.js - ::ffff:200.200.105.63 - - "GET /push HTTP/1.1" 200 17755 "http://200.200.169.161:3000/index?id=aly" "Mozilla/5.0 (Windows NT 10.0) AppleWebKit/537.36 (KHTML, like Gecko) Chrome/53.0.2785.143 Safari/537.36"
[2016-11-02 16:41:23.209] [INFO] legwork.js - 登录的服务器为：阿里云
[2016-11-02 16:41:23.219] [DEBUG] app.js - ::ffff:200.200.105.63 - - "GET /push HTTP/1.1" 304 - "http://200.200.169.161:3000/push" "Mozilla/5.0 (Windows NT 10.0) AppleWebKit/537.36 (KHTML, like Gecko) Chrome/53.0.2785.143 Safari/537.36"
[2016-11-02 17:14:17.994] [ERROR] console - invalid document source 
@#[line:0,col:undefined]
[2016-11-02 17:14:23.617] [DEBUG] app.js - ::ffff:200.200.105.63 - - "GET / HTTP/1.1" 304 - "" "Mozilla/5.0 (Windows NT 10.0) AppleWebKit/537.36 (KHTML, like Gecko) Chrome/53.0.2785.143 Safari/537.36"
[2016-11-02 17:14:24.354] [DEBUG] app.js - ::ffff:200.200.105.63 - - "GET / HTTP/1.1" 304 - "http://200.200.169.161:3000/" "Mozilla/5.0 (Windows NT 10.0) AppleWebKit/537.36 (KHTML, like Gecko) Chrome/53.0.2785.143 Safari/537.36"
[2016-11-02 17:14:26.057] [INFO] legwork.js - 登录的服务器为：阿里云
[2016-11-02 17:14:26.367] [INFO] legwork.js - aly 连接成功...
[2016-11-02 17:14:26.369] [INFO] legwork.js - 开始验证是否登录成功
[2016-11-02 17:14:26.370] [INFO] legwork.js - 执行任意一个命令来验证
[2016-11-02 17:14:26.370] [INFO] console - 开始执行命令...
[2016-11-02 17:14:26.533] [INFO] console - 获取数据流...
[2016-11-02 17:14:26.636] [INFO] console - 获取的数据： <Buffer 63 68 65 63 6b 69 6e 67 2e 2e 2e 0a>
[2016-11-02 17:14:26.639] [INFO] legwork.js - 登录正确！！！！！！！！
[2016-11-02 17:14:26.639] [INFO] legwork.js - 开始执行uploadFile:------
[2016-11-02 17:14:26.640] [INFO] console - 开始执行命令...
[2016-11-02 17:14:26.655] [INFO] console - 获取数据流...
[2016-11-02 17:14:26.709] [INFO] console - 获取的数据： <Buffer 64 6f 6e 65 21 0a>
[2016-11-02 17:14:26.711] [INFO] legwork.js - 开始执行async最后的回调处理...
[2016-11-02 17:14:26.714] [INFO] legwork.js - 输出内容到view层...
[2016-11-02 17:14:26.726] [DEBUG] app.js - ::ffff:200.200.105.63 - - "GET /index?id=aly HTTP/1.1" 304 - "http://200.200.169.161:3000/" "Mozilla/5.0 (Windows NT 10.0) AppleWebKit/537.36 (KHTML, like Gecko) Chrome/53.0.2785.143 Safari/537.36"
[2016-11-02 17:14:27.171] [INFO] legwork.js - 登录的服务器为：阿里云
[2016-11-02 17:14:27.447] [INFO] legwork.js - aly 连接成功...
[2016-11-02 17:14:27.448] [INFO] legwork.js - 开始验证是否登录成功
[2016-11-02 17:14:27.449] [INFO] legwork.js - 执行任意一个命令来验证
[2016-11-02 17:14:27.449] [INFO] console - 开始执行命令...
[2016-11-02 17:14:27.579] [INFO] console - 获取数据流...
[2016-11-02 17:14:27.636] [INFO] console - 获取的数据： <Buffer 63 68 65 63 6b 69 6e 67 2e 2e 2e 0a>
[2016-11-02 17:14:27.637] [INFO] legwork.js - 登录正确！！！！！！！！
[2016-11-02 17:14:27.637] [INFO] legwork.js - 开始执行uploadFile:------
[2016-11-02 17:14:27.637] [INFO] console - 开始执行命令...
[2016-11-02 17:14:27.647] [INFO] console - 获取数据流...
[2016-11-02 17:14:27.710] [INFO] console - 获取的数据： <Buffer 64 6f 6e 65 21 0a>
[2016-11-02 17:14:27.712] [INFO] legwork.js - 开始执行async最后的回调处理...
[2016-11-02 17:14:27.713] [INFO] legwork.js - 输出内容到view层...
[2016-11-02 17:14:27.721] [DEBUG] app.js - ::ffff:200.200.105.63 - - "GET /index?id=aly HTTP/1.1" 304 - "http://200.200.169.161:3000/index?id=aly" "Mozilla/5.0 (Windows NT 10.0) AppleWebKit/537.36 (KHTML, like Gecko) Chrome/53.0.2785.143 Safari/537.36"
[2016-11-02 17:14:37.032] [INFO] legwork.js - 登录的服务器为：阿里云
[2016-11-02 17:14:37.041] [DEBUG] app.js - ::ffff:200.200.105.63 - - "GET /push HTTP/1.1" 304 - "http://200.200.169.161:3000/index?id=aly" "Mozilla/5.0 (Windows NT 10.0) AppleWebKit/537.36 (KHTML, like Gecko) Chrome/53.0.2785.143 Safari/537.36"
[2016-11-02 17:14:37.491] [INFO] legwork.js - 登录的服务器为：阿里云
[2016-11-02 17:14:37.501] [DEBUG] app.js - ::ffff:200.200.105.63 - - "GET /push HTTP/1.1" 304 - "http://200.200.169.161:3000/push" "Mozilla/5.0 (Windows NT 10.0) AppleWebKit/537.36 (KHTML, like Gecko) Chrome/53.0.2785.143 Safari/537.36"
[2016-11-02 17:14:53.742] [INFO] console - userInfoCMD: get_user_info 12345678900
[2016-11-02 17:14:53.907] [INFO] console - userInfo: dname=公安局,account=12345678900,did=74725,pid=652808,employee_id=12345打底裤
name=admin,department=125:网警大队,type=PID_ADMIN,status=ONWORK
cdtype=PBCDT_ANDROID_ENTERPRISE,client_version=2.4.0
not set auto_wa_status
device_info={"device":"hermes","board":"unknown","model":"Redmi Note 2","hardware":"mt6795","brand":"Xiaomi","androidApi":21,"densty":"1080 x 1920","isRoot":"false","svn":"65710","moaVersion":"2.4.0","uniqueCode":"868715020996140","release":"5.0.2"}
last_login_time=2016-11-02 16:43:17
create_time=2014-10-23 14:33:29
server ip=10.144.216.85 - serverbeta, status=RUNNING

[2016-11-02 17:14:53.918] [INFO] legwork.js - nextCMD: cd ./test; python push.py 652808 0 0 0 0
[2016-11-02 17:14:54.551] [INFO] console - userInfoCMD: get_user_info 12345678900
[2016-11-02 17:14:54.553] [INFO] console - 开始执行命令...
[2016-11-02 17:14:54.705] [INFO] console - 获取数据流...
[2016-11-02 17:14:54.712] [INFO] console - userInfo: dname=公安局,account=12345678900,did=74725,pid=652808,employee_id=12345打底裤
name=admin,department=125:网警大队,type=PID_ADMIN,status=ONWORK
cdtype=PBCDT_ANDROID_ENTERPRISE,client_version=2.4.0
not set auto_wa_status
device_info={"device":"hermes","board":"unknown","model":"Redmi Note 2","hardware":"mt6795","brand":"Xiaomi","androidApi":21,"densty":"1080 x 1920","isRoot":"false","svn":"65710","moaVersion":"2.4.0","uniqueCode":"868715020996140","release":"5.0.2"}
last_login_time=2016-11-02 16:43:17
create_time=2014-10-23 14:33:29
server ip=10.144.216.85 - serverbeta, status=RUNNING

[2016-11-02 17:14:54.713] [INFO] legwork.js - nextCMD: cd ./test; python push.py 652808 0 0 0 0
[2016-11-02 17:14:55.335] [INFO] console - userInfoCMD: get_user_info 12345678900
[2016-11-02 17:14:55.338] [INFO] console - 开始执行命令...
[2016-11-02 17:14:55.343] [INFO] console - 开始执行命令...
[2016-11-02 17:14:55.505] [INFO] console - userInfo: dname=公安局,account=12345678900,did=74725,pid=652808,employee_id=12345打底裤
name=admin,department=125:网警大队,type=PID_ADMIN,status=ONWORK
cdtype=PBCDT_ANDROID_ENTERPRISE,client_version=2.4.0
not set auto_wa_status
device_info={"device":"hermes","board":"unknown","model":"Redmi Note 2","hardware":"mt6795","brand":"Xiaomi","androidApi":21,"densty":"1080 x 1920","isRoot":"false","svn":"65710","moaVersion":"2.4.0","uniqueCode":"868715020996140","release":"5.0.2"}
last_login_time=2016-11-02 16:43:17
create_time=2014-10-23 14:33:29
server ip=10.144.216.85 - serverbeta, status=RUNNING

[2016-11-02 17:14:55.506] [INFO] legwork.js - nextCMD: cd ./test; python push.py 652808 0 0 0 0
[2016-11-02 17:14:56.135] [INFO] console - userInfoCMD: get_user_info 12345678900
[2016-11-02 17:14:56.137] [INFO] console - 开始执行命令...
[2016-11-02 17:14:56.138] [INFO] console - 开始执行命令...
[2016-11-02 17:14:56.139] [INFO] console - 开始执行命令...
[2016-11-02 17:45:40.813] [ERROR] console - invalid document source 
@#[line:0,col:undefined]
[2016-11-02 17:45:46.429] [INFO] legwork.js - 登录的服务器为：undefined
[2016-11-02 17:45:46.447] [DEBUG] app.js - ::ffff:200.200.105.63 - - "GET /push HTTP/1.1" 302 58 "" "Mozilla/5.0 (Windows NT 10.0) AppleWebKit/537.36 (KHTML, like Gecko) Chrome/53.0.2785.143 Safari/537.36"
[2016-11-02 17:45:46.496] [DEBUG] app.js - ::ffff:200.200.105.63 - - "GET / HTTP/1.1" 304 - "" "Mozilla/5.0 (Windows NT 10.0) AppleWebKit/537.36 (KHTML, like Gecko) Chrome/53.0.2785.143 Safari/537.36"
[2016-11-02 17:45:47.211] [DEBUG] app.js - ::ffff:200.200.105.63 - - "GET / HTTP/1.1" 304 - "http://200.200.169.161:3000/" "Mozilla/5.0 (Windows NT 10.0) AppleWebKit/537.36 (KHTML, like Gecko) Chrome/53.0.2785.143 Safari/537.36"
[2016-11-02 17:45:48.065] [INFO] legwork.js - 登录的服务器为：阿里云
[2016-11-02 17:45:48.364] [INFO] legwork.js - aly 连接成功...
[2016-11-02 17:45:48.368] [INFO] legwork.js - 开始验证是否登录成功
[2016-11-02 17:45:48.369] [INFO] legwork.js - 执行任意一个命令来验证
[2016-11-02 17:45:48.370] [INFO] console - 开始执行命令...
[2016-11-02 17:45:48.521] [INFO] console - 获取数据流...
[2016-11-02 17:45:48.603] [INFO] console - 获取的数据： <Buffer 63 68 65 63 6b 69 6e 67 2e 2e 2e 0a>
[2016-11-02 17:45:48.605] [INFO] legwork.js - 登录正确！！！！！！！！
[2016-11-02 17:45:48.606] [INFO] legwork.js - 开始执行uploadFile:------
[2016-11-02 17:45:48.607] [INFO] console - 开始执行命令...
[2016-11-02 17:45:48.623] [INFO] console - 获取数据流...
[2016-11-02 17:45:48.677] [INFO] console - 获取的数据： <Buffer 64 6f 6e 65 21 0a>
[2016-11-02 17:45:48.679] [INFO] legwork.js - 开始执行async最后的回调处理...
[2016-11-02 17:45:48.679] [INFO] legwork.js - 输出内容到view层...
[2016-11-02 17:45:48.691] [DEBUG] app.js - ::ffff:200.200.105.63 - - "GET /index?id=aly HTTP/1.1" 304 - "http://200.200.169.161:3000/" "Mozilla/5.0 (Windows NT 10.0) AppleWebKit/537.36 (KHTML, like Gecko) Chrome/53.0.2785.143 Safari/537.36"
[2016-11-02 17:45:49.141] [INFO] legwork.js - 登录的服务器为：阿里云
[2016-11-02 17:45:49.413] [INFO] legwork.js - aly 连接成功...
[2016-11-02 17:45:49.414] [INFO] legwork.js - 开始验证是否登录成功
[2016-11-02 17:45:49.415] [INFO] legwork.js - 执行任意一个命令来验证
[2016-11-02 17:45:49.415] [INFO] console - 开始执行命令...
[2016-11-02 17:45:49.519] [INFO] console - 获取数据流...
[2016-11-02 17:45:49.554] [INFO] console - 获取的数据： <Buffer 63 68 65 63 6b 69 6e 67 2e 2e 2e 0a>
[2016-11-02 17:45:49.555] [INFO] legwork.js - 登录正确！！！！！！！！
[2016-11-02 17:45:49.555] [INFO] legwork.js - 开始执行uploadFile:------
[2016-11-02 17:45:49.556] [INFO] console - 开始执行命令...
[2016-11-02 17:45:49.564] [INFO] console - 获取数据流...
[2016-11-02 17:45:49.614] [INFO] console - 获取的数据： <Buffer 64 6f 6e 65 21 0a>
[2016-11-02 17:45:49.615] [INFO] legwork.js - 开始执行async最后的回调处理...
[2016-11-02 17:45:49.616] [INFO] legwork.js - 输出内容到view层...
[2016-11-02 17:45:49.627] [DEBUG] app.js - ::ffff:200.200.105.63 - - "GET /index?id=aly HTTP/1.1" 304 - "http://200.200.169.161:3000/index?id=aly" "Mozilla/5.0 (Windows NT 10.0) AppleWebKit/537.36 (KHTML, like Gecko) Chrome/53.0.2785.143 Safari/537.36"
[2016-11-02 17:45:52.883] [INFO] legwork.js - 登录的服务器为：阿里云
[2016-11-02 17:45:52.892] [DEBUG] app.js - ::ffff:200.200.105.63 - - "GET /push HTTP/1.1" 200 17755 "http://200.200.169.161:3000/index?id=aly" "Mozilla/5.0 (Windows NT 10.0) AppleWebKit/537.36 (KHTML, like Gecko) Chrome/53.0.2785.143 Safari/537.36"
[2016-11-02 17:45:53.345] [INFO] legwork.js - 登录的服务器为：阿里云
[2016-11-02 17:45:53.357] [DEBUG] app.js - ::ffff:200.200.105.63 - - "GET /push HTTP/1.1" 304 - "http://200.200.169.161:3000/push" "Mozilla/5.0 (Windows NT 10.0) AppleWebKit/537.36 (KHTML, like Gecko) Chrome/53.0.2785.143 Safari/537.36"
[2016-11-02 17:45:56.017] [INFO] console - userInfoCMD: get_user_info 12345678900
[2016-11-02 17:45:56.185] [INFO] console - userInfo: dname=公安局,account=12345678900,did=74725,pid=652808,employee_id=12345打底裤
name=admin,department=125:网警大队,type=PID_ADMIN,status=ONWORK
cdtype=PBCDT_ANDROID_ENTERPRISE,client_version=2.4.0
not set auto_wa_status
device_info={"device":"hermes","board":"unknown","model":"Redmi Note 2","hardware":"mt6795","brand":"Xiaomi","androidApi":21,"densty":"1080 x 1920","isRoot":"false","svn":"65710","moaVersion":"2.4.0","uniqueCode":"868715020996140","release":"5.0.2"}
last_login_time=2016-11-02 16:43:17
create_time=2014-10-23 14:33:29
server ip=10.144.216.85 - serverbeta, status=RUNNING

[2016-11-02 17:45:56.187] [INFO] legwork.js - nextCMD: cd ./test; python push.py 652808 0 0 0 0
[2016-11-02 17:45:56.844] [INFO] console - userInfoCMD: get_user_info 12345678900
[2016-11-02 17:45:56.847] [INFO] console - 开始执行命令...
[2016-11-02 17:45:57.006] [INFO] console - 获取数据流...
[2016-11-02 17:45:57.018] [INFO] console - userInfo: dname=公安局,account=12345678900,did=74725,pid=652808,employee_id=12345打底裤
name=admin,department=125:网警大队,type=PID_ADMIN,status=ONWORK
cdtype=PBCDT_ANDROID_ENTERPRISE,client_version=2.4.0
not set auto_wa_status
device_info={"device":"hermes","board":"unknown","model":"Redmi Note 2","hardware":"mt6795","brand":"Xiaomi","androidApi":21,"densty":"1080 x 1920","isRoot":"false","svn":"65710","moaVersion":"2.4.0","uniqueCode":"868715020996140","release":"5.0.2"}
last_login_time=2016-11-02 16:43:17
create_time=2014-10-23 14:33:29
server ip=10.144.216.85 - serverbeta, status=RUNNING

[2016-11-02 17:45:57.021] [INFO] legwork.js - nextCMD: cd ./test; python push.py 652808 0 0 0 0
[2016-11-02 17:45:57.641] [INFO] console - userInfoCMD: get_user_info 12345678900
[2016-11-02 17:45:57.643] [INFO] console - 开始执行命令...
[2016-11-02 17:45:57.644] [INFO] console - 开始执行命令...
[2016-11-02 17:45:57.806] [INFO] console - userInfo: dname=公安局,account=12345678900,did=74725,pid=652808,employee_id=12345打底裤
name=admin,department=125:网警大队,type=PID_ADMIN,status=ONWORK
cdtype=PBCDT_ANDROID_ENTERPRISE,client_version=2.4.0
not set auto_wa_status
device_info={"device":"hermes","board":"unknown","model":"Redmi Note 2","hardware":"mt6795","brand":"Xiaomi","androidApi":21,"densty":"1080 x 1920","isRoot":"false","svn":"65710","moaVersion":"2.4.0","uniqueCode":"868715020996140","release":"5.0.2"}
last_login_time=2016-11-02 16:43:17
create_time=2014-10-23 14:33:29
server ip=10.144.216.85 - serverbeta, status=RUNNING

[2016-11-02 17:45:57.807] [INFO] legwork.js - nextCMD: cd ./test; python push.py 652808 0 0 0 0
[2016-11-02 17:45:58.469] [INFO] console - userInfoCMD: get_user_info 12345678900
[2016-11-02 17:45:58.473] [INFO] console - 开始执行命令...
[2016-11-02 17:45:58.474] [INFO] console - 开始执行命令...
[2016-11-02 17:45:58.474] [INFO] console - 开始执行命令...
[2016-11-02 17:48:11.868] [ERROR] console - invalid document source 
@#[line:0,col:undefined]
[2016-11-02 17:48:16.616] [INFO] legwork.js - 登录的服务器为：阿里云
[2016-11-02 17:48:16.662] [DEBUG] app.js - ::ffff:200.200.105.63 - - "GET /push HTTP/1.1" 304 - "" "Mozilla/5.0 (Windows NT 10.0) AppleWebKit/537.36 (KHTML, like Gecko) Chrome/53.0.2785.143 Safari/537.36"
[2016-11-02 17:48:17.325] [INFO] legwork.js - 登录的服务器为：阿里云
[2016-11-02 17:48:17.337] [DEBUG] app.js - ::ffff:200.200.105.63 - - "GET /push HTTP/1.1" 304 - "http://200.200.169.161:3000/push" "Mozilla/5.0 (Windows NT 10.0) AppleWebKit/537.36 (KHTML, like Gecko) Chrome/53.0.2785.143 Safari/537.36"
[2016-11-02 17:48:22.250] [INFO] console - userInfoCMD: get_user_info 12345678900
[2016-11-02 17:48:22.420] [INFO] console - userInfo: dname=公安局,account=12345678900,did=74725,pid=652808,employee_id=12345打底裤
name=admin,department=125:网警大队,type=PID_ADMIN,status=ONWORK
cdtype=PBCDT_ANDROID_ENTERPRISE,client_version=2.4.0
not set auto_wa_status
device_info={"device":"hermes","board":"unknown","model":"Redmi Note 2","hardware":"mt6795","brand":"Xiaomi","androidApi":21,"densty":"1080 x 1920","isRoot":"false","svn":"65710","moaVersion":"2.4.0","uniqueCode":"868715020996140","release":"5.0.2"}
last_login_time=2016-11-02 16:43:17
create_time=2014-10-23 14:33:29
server ip=10.144.216.85 - serverbeta, status=RUNNING

[2016-11-02 17:48:22.423] [INFO] legwork.js - nextCMD: cd ./test; python push.py 652808 1 1 0 0
[2016-11-02 17:48:23.048] [INFO] console - userInfoCMD: get_user_info 12345678900
[2016-11-02 17:48:23.053] [INFO] console - 开始执行命令...
[2016-11-02 17:48:23.196] [INFO] console - 获取数据流...
[2016-11-02 17:48:23.217] [INFO] console - userInfo: dname=公安局,account=12345678900,did=74725,pid=652808,employee_id=12345打底裤
name=admin,department=125:网警大队,type=PID_ADMIN,status=ONWORK
cdtype=PBCDT_ANDROID_ENTERPRISE,client_version=2.4.0
not set auto_wa_status
device_info={"device":"hermes","board":"unknown","model":"Redmi Note 2","hardware":"mt6795","brand":"Xiaomi","androidApi":21,"densty":"1080 x 1920","isRoot":"false","svn":"65710","moaVersion":"2.4.0","uniqueCode":"868715020996140","release":"5.0.2"}
last_login_time=2016-11-02 16:43:17
create_time=2014-10-23 14:33:29
server ip=10.144.216.85 - serverbeta, status=RUNNING

[2016-11-02 17:48:23.218] [INFO] legwork.js - nextCMD: cd ./test; python push.py 652808 1 1 0 0
[2016-11-02 17:48:23.866] [INFO] console - userInfoCMD: get_user_info 12345678900
[2016-11-02 17:48:23.868] [INFO] console - 开始执行命令...
[2016-11-02 17:48:23.869] [INFO] console - 开始执行命令...
[2016-11-02 17:59:50.505] [ERROR] console - invalid document source 
@#[line:0,col:undefined]
[2016-11-02 17:59:54.221] [INFO] legwork.js - 登录的服务器为：阿里云
[2016-11-02 17:59:54.266] [DEBUG] app.js - ::ffff:200.200.105.63 - - "GET /push HTTP/1.1" 304 - "" "Mozilla/5.0 (Windows NT 10.0) AppleWebKit/537.36 (KHTML, like Gecko) Chrome/53.0.2785.143 Safari/537.36"
[2016-11-02 17:59:54.932] [INFO] legwork.js - 登录的服务器为：阿里云
[2016-11-02 17:59:54.954] [DEBUG] app.js - ::ffff:200.200.105.63 - - "GET /push HTTP/1.1" 304 - "http://200.200.169.161:3000/push" "Mozilla/5.0 (Windows NT 10.0) AppleWebKit/537.36 (KHTML, like Gecko) Chrome/53.0.2785.143 Safari/537.36"
[2016-11-02 17:59:58.426] [INFO] console - userInfoCMD: get_user_info 12345678900
[2016-11-02 17:59:58.603] [INFO] console - userInfo: dname=公安局,account=12345678900,did=74725,pid=652808,employee_id=12345打底裤
name=admin,department=125:网警大队,type=PID_ADMIN,status=ONWORK
cdtype=PBCDT_ANDROID_ENTERPRISE,client_version=2.4.0
not set auto_wa_status
device_info={"device":"hermes","board":"unknown","model":"Redmi Note 2","hardware":"mt6795","brand":"Xiaomi","androidApi":21,"densty":"1080 x 1920","isRoot":"false","svn":"65710","moaVersion":"2.4.0","uniqueCode":"868715020996140","release":"5.0.2"}
last_login_time=2016-11-02 16:43:17
create_time=2014-10-23 14:33:29
server ip=10.144.216.85 - serverbeta, status=RUNNING

[2016-11-02 17:59:58.606] [INFO] legwork.js - nextCMD: cd ./test; python push.py 652808 1 0 0 0
[2016-11-02 17:59:59.245] [INFO] console - userInfoCMD: get_user_info 12345678900
[2016-11-02 17:59:59.249] [INFO] console - 开始执行命令...
[2016-11-02 17:59:59.397] [INFO] console - 获取数据流...
[2016-11-02 17:59:59.411] [INFO] console - userInfo: dname=公安局,account=12345678900,did=74725,pid=652808,employee_id=12345打底裤
name=admin,department=125:网警大队,type=PID_ADMIN,status=ONWORK
cdtype=PBCDT_ANDROID_ENTERPRISE,client_version=2.4.0
not set auto_wa_status
device_info={"device":"hermes","board":"unknown","model":"Redmi Note 2","hardware":"mt6795","brand":"Xiaomi","androidApi":21,"densty":"1080 x 1920","isRoot":"false","svn":"65710","moaVersion":"2.4.0","uniqueCode":"868715020996140","release":"5.0.2"}
last_login_time=2016-11-02 16:43:17
create_time=2014-10-23 14:33:29
server ip=10.144.216.85 - serverbeta, status=RUNNING

[2016-11-02 17:59:59.413] [INFO] legwork.js - nextCMD: cd ./test; python push.py 652808 1 0 0 0
[2016-11-02 18:00:00.021] [INFO] console - userInfoCMD: get_user_info 12345678900
[2016-11-02 18:00:00.023] [INFO] console - 开始执行命令...
[2016-11-02 18:00:00.024] [INFO] console - 开始执行命令...
